0 silly argv {
0 silly argv   _: [ 'version' ],
0 silly argv   lernaVersion: '6.4.1',
0 silly argv   '$0': 'C:\\Users\\wangfan\\AppData\\Roaming\\npm\\node_modules\\lerna\\cli.js'
0 silly argv }
1 notice cli v6.4.1
2 verbose rootPath D:\lernaLearn\lerna2
3 warn EPACKAGES No packages defined in lerna.json. Defaulting to packages in packages/*
4 info current version 0.1.9
5 silly isAnythingCommitted
6 verbose isAnythingCommitted 1
7 silly getCurrentBranch
8 verbose currentBranch main
9 silly remoteBranchExists
10 silly isBehindUpstream
11 error Error: Command failed with exit code 1: git remote update
11 error fatal: Out of memory, malloc failed (tried to allocate 524288000 bytes)
11 error fatal: Could not read from remote repository.
11 error
11 error Please make sure you have the correct access rights
11 error and the repository exists.
11 error error: could not fetch origin
11 error Fetching origin
11 error     at makeError (D:\lernaLearn\lerna2\node_modules\@lerna\child-process\node_modules\execa\lib\error.js:60:11)
11 error     at Function.module.exports.sync (D:\lernaLearn\lerna2\node_modules\@lerna\child-process\node_modules\execa\index.js:194:17)
11 error     at Object.execSync (D:\lernaLearn\lerna2\node_modules\@lerna\child-process\index.js:39:16)
11 error     at updateRemote (D:\lernaLearn\lerna2\node_modules\@lerna\version\lib\is-behind-upstream.js:34:16)
11 error     at isBehindUpstream (D:\lernaLearn\lerna2\node_modules\@lerna\version\lib\is-behind-upstream.js:16:3)
11 error     at VersionCommand.initialize (D:\lernaLearn\lerna2\node_modules\@lerna\version\index.js:158:9)
